<?xml version="1.0" encoding="UTF-8"?>
<!-- Generated by org.testng.reporters.JUnitXMLReporter -->
<testsuite hostname="LAPTOP-8C6NQOAP" ignored="0" name="Test" tests="4" failures="0" timestamp="03 Jul 2022 16:30:15 GMT" time="21.116" errors="0">
  <testcase name="homePageTitleTest" time="0.019" classname="com.crm.qa.testcases.HomePageTest"/>
  <testcase name="loginPageTitleTest" time="0.018" classname="com.crm.qa.testcases.LoginPageTest"/>
  <testcase name="imageTest" time="0.153" classname="com.crm.qa.testcases.LoginPageTest"/>
  <testcase name="loginTest" time="0.759" classname="com.crm.qa.testcases.LoginPageTest"/>
</testsuite> <!-- Test -->
