<?xml version="1.0" encoding="UTF-8"?>
<!-- Generated by org.testng.reporters.JUnitXMLReporter -->
<testsuite hostname="LAPTOP-8C6NQOAP" ignored="0" name="Command line test" tests="4" failures="0" timestamp="03 Jul 2022 18:04:21 GMT" time="14.396" errors="0">
  <testcase name="homePageTitleTest" time="0.011" classname="com.crm.qa.testcases.HomePageTest"/>
  <testcase name="loginPageTitleTest" time="0.007" classname="com.crm.qa.testcases.LoginPageTest"/>
  <testcase name="imageTest" time="0.065" classname="com.crm.qa.testcases.LoginPageTest"/>
  <testcase name="loginTest" time="0.507" classname="com.crm.qa.testcases.LoginPageTest"/>
</testsuite> <!-- Command line test -->
