<?xml version="1.0" encoding="UTF-8"?>
<testng-results skipped="0" failed="0" ignored="0" total="4" passed="4">
  <reporter-output>
  </reporter-output>
  <suite name="Command line suite" duration-ms="14396" started-at="2022-07-03T18:04:07Z" finished-at="2022-07-03T18:04:21Z">
    <groups>
    </groups>
    <test name="Command line test" duration-ms="14396" started-at="2022-07-03T18:04:07Z" finished-at="2022-07-03T18:04:21Z">
      <class name="com.crm.qa.testcases.HomePageTest">
        <test-method status="PASS" signature="setup()[pri:0, instance:com.crm.qa.testcases.HomePageTest@5d624da6]" name="setup" is-config="true" duration-ms="4471" started-at="2022-07-03T23:34:07Z" finished-at="2022-07-03T23:34:12Z">
          <reporter-output>
          </reporter-output>
        </test-method> <!-- setup -->
        <test-method status="PASS" signature="homePageTitleTest()[pri:1, instance:com.crm.qa.testcases.HomePageTest@5d624da6]" name="homePageTitleTest" duration-ms="11" started-at="2022-07-03T23:34:12Z" finished-at="2022-07-03T23:34:12Z">
          <reporter-output>
          </reporter-output>
        </test-method> <!-- homePageTitleTest -->
        <test-method status="PASS" signature="tearDown()[pri:0, instance:com.crm.qa.testcases.HomePageTest@5d624da6]" name="tearDown" is-config="true" duration-ms="638" started-at="2022-07-03T23:34:12Z" finished-at="2022-07-03T23:34:12Z">
          <reporter-output>
          </reporter-output>
        </test-method> <!-- tearDown -->
      </class> <!-- com.crm.qa.testcases.HomePageTest -->
      <class name="com.crm.qa.testcases.LoginPageTest">
        <test-method status="PASS" signature="setup()[pri:0, instance:com.crm.qa.testcases.LoginPageTest@1e67b872]" name="setup" is-config="true" duration-ms="2232" started-at="2022-07-03T23:34:12Z" finished-at="2022-07-03T23:34:14Z">
          <reporter-output>
          </reporter-output>
        </test-method> <!-- setup -->
        <test-method status="PASS" signature="loginPageTitleTest()[pri:1, instance:com.crm.qa.testcases.LoginPageTest@1e67b872]" name="loginPageTitleTest" duration-ms="7" started-at="2022-07-03T23:34:14Z" finished-at="2022-07-03T23:34:14Z">
          <reporter-output>
          </reporter-output>
        </test-method> <!-- loginPageTitleTest -->
        <test-method status="PASS" signature="tearDown()[pri:0, instance:com.crm.qa.testcases.LoginPageTest@1e67b872]" name="tearDown" is-config="true" duration-ms="602" started-at="2022-07-03T23:34:14Z" finished-at="2022-07-03T23:34:15Z">
          <reporter-output>
          </reporter-output>
        </test-method> <!-- tearDown -->
        <test-method status="PASS" signature="setup()[pri:0, instance:com.crm.qa.testcases.LoginPageTest@1e67b872]" name="setup" is-config="true" duration-ms="2530" started-at="2022-07-03T23:34:15Z" finished-at="2022-07-03T23:34:18Z">
          <reporter-output>
          </reporter-output>
        </test-method> <!-- setup -->
        <test-method status="PASS" signature="imageTest()[pri:2, instance:com.crm.qa.testcases.LoginPageTest@1e67b872]" name="imageTest" duration-ms="65" started-at="2022-07-03T23:34:18Z" finished-at="2022-07-03T23:34:18Z">
          <reporter-output>
          </reporter-output>
        </test-method> <!-- imageTest -->
        <test-method status="PASS" signature="tearDown()[pri:0, instance:com.crm.qa.testcases.LoginPageTest@1e67b872]" name="tearDown" is-config="true" duration-ms="608" started-at="2022-07-03T23:34:18Z" finished-at="2022-07-03T23:34:18Z">
          <reporter-output>
          </reporter-output>
        </test-method> <!-- tearDown -->
        <test-method status="PASS" signature="setup()[pri:0, instance:com.crm.qa.testcases.LoginPageTest@1e67b872]" name="setup" is-config="true" duration-ms="2054" started-at="2022-07-03T23:34:18Z" finished-at="2022-07-03T23:34:20Z">
          <reporter-output>
          </reporter-output>
        </test-method> <!-- setup -->
        <test-method status="PASS" signature="loginTest()[pri:3, instance:com.crm.qa.testcases.LoginPageTest@1e67b872]" name="loginTest" duration-ms="507" started-at="2022-07-03T23:34:20Z" finished-at="2022-07-03T23:34:21Z">
          <reporter-output>
          </reporter-output>
        </test-method> <!-- loginTest -->
        <test-method status="PASS" signature="tearDown()[pri:0, instance:com.crm.qa.testcases.LoginPageTest@1e67b872]" name="tearDown" is-config="true" duration-ms="618" started-at="2022-07-03T23:34:21Z" finished-at="2022-07-03T23:34:21Z">
          <reporter-output>
          </reporter-output>
        </test-method> <!-- tearDown -->
      </class> <!-- com.crm.qa.testcases.LoginPageTest -->
    </test> <!-- Command line test -->
  </suite> <!-- Command line suite -->
</testng-results>
