<?xml version="1.0" encoding="UTF-8"?>
<testng-results skipped="0" failed="0" ignored="0" total="4" passed="4">
  <reporter-output>
  </reporter-output>
  <suite name="Suite" duration-ms="21116" started-at="2022-07-03T16:29:53Z" finished-at="2022-07-03T16:30:15Z">
    <groups>
    </groups>
    <test name="Test" duration-ms="21116" started-at="2022-07-03T16:29:53Z" finished-at="2022-07-03T16:30:15Z">
      <class name="com.crm.qa.testcases.HomePageTest">
        <test-method status="PASS" signature="setup()[pri:0, instance:com.crm.qa.testcases.HomePageTest@5ad851c9]" name="setup" is-config="true" duration-ms="6070" started-at="2022-07-03T21:59:53Z" finished-at="2022-07-03T22:00:00Z">
          <reporter-output>
          </reporter-output>
        </test-method> <!-- setup -->
        <test-method status="PASS" signature="homePageTitleTest()[pri:1, instance:com.crm.qa.testcases.HomePageTest@5ad851c9]" name="homePageTitleTest" duration-ms="19" started-at="2022-07-03T22:00:00Z" finished-at="2022-07-03T22:00:00Z">
          <reporter-output>
          </reporter-output>
        </test-method> <!-- homePageTitleTest -->
        <test-method status="PASS" signature="tearDown()[pri:0, instance:com.crm.qa.testcases.HomePageTest@5ad851c9]" name="tearDown" is-config="true" duration-ms="906" started-at="2022-07-03T22:00:00Z" finished-at="2022-07-03T22:00:00Z">
          <reporter-output>
          </reporter-output>
        </test-method> <!-- tearDown -->
      </class> <!-- com.crm.qa.testcases.HomePageTest -->
      <class name="com.crm.qa.testcases.LoginPageTest">
        <test-method status="PASS" signature="setup()[pri:0, instance:com.crm.qa.testcases.LoginPageTest@6156496]" name="setup" is-config="true" duration-ms="3657" started-at="2022-07-03T22:00:00Z" finished-at="2022-07-03T22:00:04Z">
          <reporter-output>
          </reporter-output>
        </test-method> <!-- setup -->
        <test-method status="PASS" signature="loginPageTitleTest()[pri:1, instance:com.crm.qa.testcases.LoginPageTest@6156496]" name="loginPageTitleTest" duration-ms="18" started-at="2022-07-03T22:00:04Z" finished-at="2022-07-03T22:00:04Z">
          <reporter-output>
          </reporter-output>
        </test-method> <!-- loginPageTitleTest -->
        <test-method status="PASS" signature="tearDown()[pri:0, instance:com.crm.qa.testcases.LoginPageTest@6156496]" name="tearDown" is-config="true" duration-ms="954" started-at="2022-07-03T22:00:04Z" finished-at="2022-07-03T22:00:05Z">
          <reporter-output>
          </reporter-output>
        </test-method> <!-- tearDown -->
        <test-method status="PASS" signature="setup()[pri:0, instance:com.crm.qa.testcases.LoginPageTest@6156496]" name="setup" is-config="true" duration-ms="3478" started-at="2022-07-03T22:00:05Z" finished-at="2022-07-03T22:00:09Z">
          <reporter-output>
          </reporter-output>
        </test-method> <!-- setup -->
        <test-method status="PASS" signature="imageTest()[pri:2, instance:com.crm.qa.testcases.LoginPageTest@6156496]" name="imageTest" duration-ms="153" started-at="2022-07-03T22:00:09Z" finished-at="2022-07-03T22:00:09Z">
          <reporter-output>
          </reporter-output>
        </test-method> <!-- imageTest -->
        <test-method status="PASS" signature="tearDown()[pri:0, instance:com.crm.qa.testcases.LoginPageTest@6156496]" name="tearDown" is-config="true" duration-ms="885" started-at="2022-07-03T22:00:09Z" finished-at="2022-07-03T22:00:10Z">
          <reporter-output>
          </reporter-output>
        </test-method> <!-- tearDown -->
        <test-method status="PASS" signature="setup()[pri:0, instance:com.crm.qa.testcases.LoginPageTest@6156496]" name="setup" is-config="true" duration-ms="3237" started-at="2022-07-03T22:00:10Z" finished-at="2022-07-03T22:00:13Z">
          <reporter-output>
          </reporter-output>
        </test-method> <!-- setup -->
        <test-method status="PASS" signature="loginTest()[pri:3, instance:com.crm.qa.testcases.LoginPageTest@6156496]" name="loginTest" duration-ms="759" started-at="2022-07-03T22:00:13Z" finished-at="2022-07-03T22:00:14Z">
          <reporter-output>
          </reporter-output>
        </test-method> <!-- loginTest -->
        <test-method status="PASS" signature="tearDown()[pri:0, instance:com.crm.qa.testcases.LoginPageTest@6156496]" name="tearDown" is-config="true" duration-ms="933" started-at="2022-07-03T22:00:14Z" finished-at="2022-07-03T22:00:15Z">
          <reporter-output>
          </reporter-output>
        </test-method> <!-- tearDown -->
      </class> <!-- com.crm.qa.testcases.LoginPageTest -->
    </test> <!-- Test -->
  </suite> <!-- Suite -->
</testng-results>
